/!\ FAILSAFE /!\  2010-07-20 20:58:30 -0800
  Status: 500 Internal Server Error
  no such file to load -- sqlite3
    C:/Ruby191/lib/ruby/gems/1.9.1/gems/activesupport-2.3.8/lib/active_support/dependencies.rb:156:in `require'
    C:/Ruby191/lib/ruby/gems/1.9.1/gems/activesupport-2.3.8/lib/active_support/dependencies.rb:156:in `block in require'
    C:/Ruby191/lib/ruby/gems/1.9.1/gems/activesupport-2.3.8/lib/active_support/dependencies.rb:521:in `new_constants_in'
    C:/Ruby191/lib/ruby/gems/1.9.1/gems/activesupport-2.3.8/lib/active_support/dependencies.rb:156:in `require'
    C:/Ruby191/lib/ruby/gems/1.9.1/gems/activesupport-2.3.8/lib/active_support/core_ext/kernel/requires.rb:7:in `block in require_library_or_gem'
    C:/Ruby191/lib/ruby/gems/1.9.1/gems/activesupport-2.3.8/lib/active_support/core_ext/kernel/reporting.rb:11:in `silence_warnings'
    C:/Ruby191/lib/ruby/gems/1.9.1/gems/activesupport-2.3.8/lib/active_support/core_ext/kernel/requires.rb:5:in `require_library_or_gem'
    C:/Ruby191/lib/ruby/gems/1.9.1/gems/activerecord-2.3.8/lib/active_record/connection_adapters/sqlite3_adapter.rb:10:in `sqlite3_connection'
    C:/Ruby191/lib/ruby/gems/1.9.1/gems/activerecord-2.3.8/lib/active_record/connection_adapters/abstract/connection_pool.rb:223:in `new_connection'
    C:/Ruby191/lib/ruby/gems/1.9.1/gems/activerecord-2.3.8/lib/active_record/connection_adapters/abstract/connection_pool.rb:245:in `checkout_new_connection'
    C:/Ruby191/lib/ruby/gems/1.9.1/gems/activerecord-2.3.8/lib/active_record/connection_adapters/abstract/connection_pool.rb:188:in `block (2 levels) in checkout'
    C:/Ruby191/lib/ruby/gems/1.9.1/gems/activerecord-2.3.8/lib/active_record/connection_adapters/abstract/connection_pool.rb:184:in `loop'
    C:/Ruby191/lib/ruby/gems/1.9.1/gems/activerecord-2.3.8/lib/active_record/connection_adapters/abstract/connection_pool.rb:184:in `block in checkout'
    C:/Ruby191/lib/ruby/1.9.1/monitor.rb:190:in `mon_synchronize'
    C:/Ruby191/lib/ruby/gems/1.9.1/gems/activerecord-2.3.8/lib/active_record/connection_adapters/abstract/connection_pool.rb:183:in `checkout'
    C:/Ruby191/lib/ruby/gems/1.9.1/gems/activerecord-2.3.8/lib/active_record/connection_adapters/abstract/connection_pool.rb:98:in `connection'
    C:/Ruby191/lib/ruby/gems/1.9.1/gems/activerecord-2.3.8/lib/active_record/connection_adapters/abstract/connection_pool.rb:326:in `retrieve_connection'
    C:/Ruby191/lib/ruby/gems/1.9.1/gems/activerecord-2.3.8/lib/active_record/connection_adapters/abstract/connection_specification.rb:123:in `retrieve_connection'
    C:/Ruby191/lib/ruby/gems/1.9.1/gems/activerecord-2.3.8/lib/active_record/connection_adapters/abstract/connection_specification.rb:115:in `connection'
    C:/Ruby191/lib/ruby/gems/1.9.1/gems/activerecord-2.3.8/lib/active_record/query_cache.rb:9:in `cache'
    C:/Ruby191/lib/ruby/gems/1.9.1/gems/activerecord-2.3.8/lib/active_record/query_cache.rb:28:in `call'
    C:/Ruby191/lib/ruby/gems/1.9.1/gems/activerecord-2.3.8/lib/active_record/connection_adapters/abstract/connection_pool.rb:361:in `call'
    C:/Ruby191/lib/ruby/gems/1.9.1/gems/actionpack-2.3.8/lib/action_controller/string_coercion.rb:25:in `call'
    C:/Ruby191/lib/ruby/gems/1.9.1/gems/rack-1.1.0/lib/rack/head.rb:9:in `call'
    C:/Ruby191/lib/ruby/gems/1.9.1/gems/rack-1.1.0/lib/rack/methodoverride.rb:24:in `call'
    C:/Ruby191/lib/ruby/gems/1.9.1/gems/actionpack-2.3.8/lib/action_controller/params_parser.rb:15:in `call'
    C:/Ruby191/lib/ruby/gems/1.9.1/gems/actionpack-2.3.8/lib/action_controller/session/cookie_store.rb:99:in `call'
    C:/Ruby191/lib/ruby/gems/1.9.1/gems/actionpack-2.3.8/lib/action_controller/failsafe.rb:26:in `call'
    C:/Ruby191/lib/ruby/gems/1.9.1/gems/rack-1.1.0/lib/rack/lock.rb:11:in `block in call'
    <internal:prelude>:8:in `synchronize'
    C:/Ruby191/lib/ruby/gems/1.9.1/gems/rack-1.1.0/lib/rack/lock.rb:11:in `call'
    C:/Ruby191/lib/ruby/gems/1.9.1/gems/actionpack-2.3.8/lib/action_controller/dispatcher.rb:114:in `block in call'
    C:/Ruby191/lib/ruby/gems/1.9.1/gems/actionpack-2.3.8/lib/action_controller/reloader.rb:34:in `run'
    C:/Ruby191/lib/ruby/gems/1.9.1/gems/actionpack-2.3.8/lib/action_controller/dispatcher.rb:108:in `call'
    C:/Ruby191/lib/ruby/gems/1.9.1/gems/rails-2.3.8/lib/rails/rack/static.rb:31:in `call'
    C:/Ruby191/lib/ruby/gems/1.9.1/gems/rack-1.1.0/lib/rack/urlmap.rb:47:in `block in call'
    C:/Ruby191/lib/ruby/gems/1.9.1/gems/rack-1.1.0/lib/rack/urlmap.rb:41:in `each'
    C:/Ruby191/lib/ruby/gems/1.9.1/gems/rack-1.1.0/lib/rack/urlmap.rb:41:in `call'
    C:/Ruby191/lib/ruby/gems/1.9.1/gems/rails-2.3.8/lib/rails/rack/log_tailer.rb:17:in `call'
    C:/Ruby191/lib/ruby/gems/1.9.1/gems/rack-1.1.0/lib/rack/content_length.rb:13:in `call'
    C:/Ruby191/lib/ruby/gems/1.9.1/gems/rack-1.1.0/lib/rack/handler/webrick.rb:48:in `service'
    C:/Ruby191/lib/ruby/1.9.1/webrick/httpserver.rb:111:in `service'
    C:/Ruby191/lib/ruby/1.9.1/webrick/httpserver.rb:70:in `run'
    C:/Ruby191/lib/ruby/1.9.1/webrick/server.rb:183:in `block in start_thread'
/!\ FAILSAFE /!\  2010-07-20 21:28:44 -0800
  Status: 500 Internal Server Error
  no such file to load -- sqlite3/sqlite3_native
    C:/Ruby191/lib/ruby/gems/1.9.1/gems/activesupport-2.3.8/lib/active_support/dependencies.rb:156:in `require'
    C:/Ruby191/lib/ruby/gems/1.9.1/gems/activesupport-2.3.8/lib/active_support/dependencies.rb:156:in `block in require'
    C:/Ruby191/lib/ruby/gems/1.9.1/gems/activesupport-2.3.8/lib/active_support/dependencies.rb:521:in `new_constants_in'
    C:/Ruby191/lib/ruby/gems/1.9.1/gems/activesupport-2.3.8/lib/active_support/dependencies.rb:156:in `require'
    C:/Ruby191/lib/ruby/gems/1.9.1/gems/sqlite3-ruby-1.3.1-x86-mingw32/lib/sqlite3.rb:6:in `rescue in <top (required)>'
    C:/Ruby191/lib/ruby/gems/1.9.1/gems/sqlite3-ruby-1.3.1-x86-mingw32/lib/sqlite3.rb:2:in `<top (required)>'
    C:/Ruby191/lib/ruby/gems/1.9.1/gems/activesupport-2.3.8/lib/active_support/dependencies.rb:156:in `require'
    C:/Ruby191/lib/ruby/gems/1.9.1/gems/activesupport-2.3.8/lib/active_support/dependencies.rb:156:in `block in require'
    C:/Ruby191/lib/ruby/gems/1.9.1/gems/activesupport-2.3.8/lib/active_support/dependencies.rb:521:in `new_constants_in'
    C:/Ruby191/lib/ruby/gems/1.9.1/gems/activesupport-2.3.8/lib/active_support/dependencies.rb:156:in `require'
    C:/Ruby191/lib/ruby/gems/1.9.1/gems/activesupport-2.3.8/lib/active_support/core_ext/kernel/requires.rb:7:in `block in require_library_or_gem'
    C:/Ruby191/lib/ruby/gems/1.9.1/gems/activesupport-2.3.8/lib/active_support/core_ext/kernel/reporting.rb:11:in `silence_warnings'
    C:/Ruby191/lib/ruby/gems/1.9.1/gems/activesupport-2.3.8/lib/active_support/core_ext/kernel/requires.rb:5:in `require_library_or_gem'
    C:/Ruby191/lib/ruby/gems/1.9.1/gems/activerecord-2.3.8/lib/active_record/connection_adapters/sqlite3_adapter.rb:10:in `sqlite3_connection'
    C:/Ruby191/lib/ruby/gems/1.9.1/gems/activerecord-2.3.8/lib/active_record/connection_adapters/abstract/connection_pool.rb:223:in `new_connection'
    C:/Ruby191/lib/ruby/gems/1.9.1/gems/activerecord-2.3.8/lib/active_record/connection_adapters/abstract/connection_pool.rb:245:in `checkout_new_connection'
    C:/Ruby191/lib/ruby/gems/1.9.1/gems/activerecord-2.3.8/lib/active_record/connection_adapters/abstract/connection_pool.rb:188:in `block (2 levels) in checkout'
    C:/Ruby191/lib/ruby/gems/1.9.1/gems/activerecord-2.3.8/lib/active_record/connection_adapters/abstract/connection_pool.rb:184:in `loop'
    C:/Ruby191/lib/ruby/gems/1.9.1/gems/activerecord-2.3.8/lib/active_record/connection_adapters/abstract/connection_pool.rb:184:in `block in checkout'
    C:/Ruby191/lib/ruby/1.9.1/monitor.rb:190:in `mon_synchronize'
    C:/Ruby191/lib/ruby/gems/1.9.1/gems/activerecord-2.3.8/lib/active_record/connection_adapters/abstract/connection_pool.rb:183:in `checkout'
    C:/Ruby191/lib/ruby/gems/1.9.1/gems/activerecord-2.3.8/lib/active_record/connection_adapters/abstract/connection_pool.rb:98:in `connection'
    C:/Ruby191/lib/ruby/gems/1.9.1/gems/activerecord-2.3.8/lib/active_record/connection_adapters/abstract/connection_pool.rb:326:in `retrieve_connection'
    C:/Ruby191/lib/ruby/gems/1.9.1/gems/activerecord-2.3.8/lib/active_record/connection_adapters/abstract/connection_specification.rb:123:in `retrieve_connection'
    C:/Ruby191/lib/ruby/gems/1.9.1/gems/activerecord-2.3.8/lib/active_record/connection_adapters/abstract/connection_specification.rb:115:in `connection'
    C:/Ruby191/lib/ruby/gems/1.9.1/gems/activerecord-2.3.8/lib/active_record/query_cache.rb:9:in `cache'
    C:/Ruby191/lib/ruby/gems/1.9.1/gems/activerecord-2.3.8/lib/active_record/query_cache.rb:28:in `call'
    C:/Ruby191/lib/ruby/gems/1.9.1/gems/activerecord-2.3.8/lib/active_record/connection_adapters/abstract/connection_pool.rb:361:in `call'
    C:/Ruby191/lib/ruby/gems/1.9.1/gems/actionpack-2.3.8/lib/action_controller/string_coercion.rb:25:in `call'
    C:/Ruby191/lib/ruby/gems/1.9.1/gems/rack-1.1.0/lib/rack/head.rb:9:in `call'
    C:/Ruby191/lib/ruby/gems/1.9.1/gems/rack-1.1.0/lib/rack/methodoverride.rb:24:in `call'
    C:/Ruby191/lib/ruby/gems/1.9.1/gems/actionpack-2.3.8/lib/action_controller/params_parser.rb:15:in `call'
    C:/Ruby191/lib/ruby/gems/1.9.1/gems/actionpack-2.3.8/lib/action_controller/session/cookie_store.rb:99:in `call'
    C:/Ruby191/lib/ruby/gems/1.9.1/gems/actionpack-2.3.8/lib/action_controller/failsafe.rb:26:in `call'
    C:/Ruby191/lib/ruby/gems/1.9.1/gems/rack-1.1.0/lib/rack/lock.rb:11:in `block in call'
    <internal:prelude>:8:in `synchronize'
    C:/Ruby191/lib/ruby/gems/1.9.1/gems/rack-1.1.0/lib/rack/lock.rb:11:in `call'
    C:/Ruby191/lib/ruby/gems/1.9.1/gems/actionpack-2.3.8/lib/action_controller/dispatcher.rb:114:in `block in call'
    C:/Ruby191/lib/ruby/gems/1.9.1/gems/actionpack-2.3.8/lib/action_controller/reloader.rb:34:in `run'
    C:/Ruby191/lib/ruby/gems/1.9.1/gems/actionpack-2.3.8/lib/action_controller/dispatcher.rb:108:in `call'
    C:/Ruby191/lib/ruby/gems/1.9.1/gems/rails-2.3.8/lib/rails/rack/static.rb:31:in `call'
    C:/Ruby191/lib/ruby/gems/1.9.1/gems/rack-1.1.0/lib/rack/urlmap.rb:47:in `block in call'
    C:/Ruby191/lib/ruby/gems/1.9.1/gems/rack-1.1.0/lib/rack/urlmap.rb:41:in `each'
    C:/Ruby191/lib/ruby/gems/1.9.1/gems/rack-1.1.0/lib/rack/urlmap.rb:41:in `call'
    C:/Ruby191/lib/ruby/gems/1.9.1/gems/rails-2.3.8/lib/rails/rack/log_tailer.rb:17:in `call'
    C:/Ruby191/lib/ruby/gems/1.9.1/gems/rack-1.1.0/lib/rack/content_length.rb:13:in `call'
    C:/Ruby191/lib/ruby/gems/1.9.1/gems/rack-1.1.0/lib/rack/handler/webrick.rb:48:in `service'
    C:/Ruby191/lib/ruby/1.9.1/webrick/httpserver.rb:111:in `service'
    C:/Ruby191/lib/ruby/1.9.1/webrick/httpserver.rb:70:in `run'
    C:/Ruby191/lib/ruby/1.9.1/webrick/server.rb:183:in `block in start_thread'
  [4;36;1mSQL (1.0ms)[0m   [0;1m SELECT name
 FROM sqlite_master
 WHERE type = 'table' AND NOT name = 'sqlite_sequence'
[0m
  [4;35;1mSQL (0.0ms)[0m   [0mselect sqlite_version(*)[0m
  [4;36;1mSQL (111.0ms)[0m   [0;1mCREATE TABLE "schema_migrations" ("version" varchar(255) NOT NULL) [0m
  [4;35;1mSQL (0.0ms)[0m   [0mPRAGMA index_list("schema_migrations")[0m
  [4;36;1mSQL (91.0ms)[0m   [0;1mCREATE UNIQUE INDEX "unique_schema_migrations" ON "schema_migrations" ("version")[0m
  [4;35;1mSQL (0.0ms)[0m   [0m SELECT name
 FROM sqlite_master
 WHERE type = 'table' AND NOT name = 'sqlite_sequence'
[0m
  [4;36;1mSQL (0.0ms)[0m   [0;1m SELECT name
 FROM sqlite_master
 WHERE type = 'table' AND NOT name = 'sqlite_sequence'
[0m
  [4;35;1mSQL (0.0ms)[0m   [0mSELECT version FROM schema_migrations[0m
  [4;36;1mSQL (0.0ms)[0m   [0;1m SELECT name
 FROM sqlite_master
 WHERE type = 'table' AND NOT name = 'sqlite_sequence'
[0m


Processing Rails::InfoController#properties (for 127.0.0.1 at 2010-07-20 21:38:16) [GET]
  [4;36;1mSQL (1.0ms)[0m   [0;1m SELECT name
 FROM sqlite_master
 WHERE type = 'table' AND NOT name = 'sqlite_sequence'
[0m
  [4;35;1mSQL (0.0ms)[0m   [0mSELECT version FROM schema_migrations[0m
Completed in 184ms (View: 33, DB: 1) | 200 OK [http://localhost/rails/info/properties]
